{
  "/home/kokkoh/dev/product/browser_ex/better_reader_view/wxt.config.ts": {
    "path": "/home/kokkoh/dev/product/browser_ex/better_reader_view/wxt.config.ts",
    "all": true,
    "statementMap": {
      "0": {
        "start": { "line": 1, "column": 0 },
        "end": { "line": 1, "column": 35 }
      },
      "1": {
        "start": { "line": 2, "column": 0 },
        "end": { "line": 2, "column": 68 }
      },
      "4": {
        "start": { "line": 5, "column": 0 },
        "end": { "line": 5, "column": 29 }
      },
      "5": {
        "start": { "line": 6, "column": 0 },
        "end": { "line": 6, "column": 13 }
      },
      "6": {
        "start": { "line": 7, "column": 0 },
        "end": { "line": 7, "column": 44 }
      },
      "7": {
        "start": { "line": 8, "column": 0 },
        "end": { "line": 8, "column": 15 }
      },
      "8": {
        "start": { "line": 9, "column": 0 },
        "end": { "line": 9, "column": 4 }
      },
      "9": {
        "start": { "line": 10, "column": 0 },
        "end": { "line": 10, "column": 37 }
      },
      "10": {
        "start": { "line": 11, "column": 0 },
        "end": { "line": 11, "column": 16 }
      },
      "11": {
        "start": { "line": 12, "column": 0 },
        "end": { "line": 12, "column": 38 }
      },
      "12": {
        "start": { "line": 13, "column": 0 },
        "end": { "line": 13, "column": 5 }
      },
      "13": {
        "start": { "line": 14, "column": 0 },
        "end": { "line": 14, "column": 3 }
      }
    },
    "s": {
      "0": 0,
      "1": 0,
      "4": 0,
      "5": 0,
      "6": 0,
      "7": 0,
      "8": 0,
      "9": 0,
      "10": 0,
      "11": 0,
      "12": 0,
      "13": 0
    },
    "branchMap": {
      "0": {
        "type": "branch",
        "line": 1,
        "loc": {
          "start": { "line": 1, "column": 358 },
          "end": { "line": 14, "column": 3 }
        },
        "locations": [
          {
            "start": { "line": 1, "column": 358 },
            "end": { "line": 14, "column": 3 }
          }
        ]
      }
    },
    "b": { "0": [0] },
    "fnMap": {
      "0": {
        "name": "(empty-report)",
        "decl": {
          "start": { "line": 1, "column": 358 },
          "end": { "line": 14, "column": 3 }
        },
        "loc": {
          "start": { "line": 1, "column": 358 },
          "end": { "line": 14, "column": 3 }
        },
        "line": 1
      }
    },
    "f": { "0": 0 }
  },
  "/home/kokkoh/dev/product/browser_ex/better_reader_view/assets/css-variables.ts": {
    "path": "/home/kokkoh/dev/product/browser_ex/better_reader_view/assets/css-variables.ts",
    "all": true,
    "statementMap": {
      "0": {
        "start": { "line": 1, "column": 0 },
        "end": { "line": 1, "column": 8 }
      },
      "7": {
        "start": { "line": 8, "column": 0 },
        "end": { "line": 8, "column": 52 }
      },
      "8": {
        "start": { "line": 9, "column": 0 },
        "end": { "line": 9, "column": 10 }
      },
      "9": {
        "start": { "line": 10, "column": 0 },
        "end": { "line": 10, "column": 21 }
      },
      "10": {
        "start": { "line": 11, "column": 0 },
        "end": { "line": 11, "column": 15 }
      },
      "11": {
        "start": { "line": 12, "column": 0 },
        "end": { "line": 12, "column": 15 }
      },
      "12": {
        "start": { "line": 13, "column": 0 },
        "end": { "line": 13, "column": 20 }
      },
      "13": {
        "start": { "line": 14, "column": 0 },
        "end": { "line": 14, "column": 17 }
      },
      "14": {
        "start": { "line": 15, "column": 0 },
        "end": { "line": 15, "column": 19 }
      },
      "15": {
        "start": { "line": 16, "column": 0 },
        "end": { "line": 16, "column": 27 }
      },
      "16": {
        "start": { "line": 17, "column": 0 },
        "end": { "line": 17, "column": 23 }
      },
      "17": {
        "start": { "line": 18, "column": 0 },
        "end": { "line": 18, "column": 4 }
      },
      "18": {
        "start": { "line": 19, "column": 0 },
        "end": { "line": 19, "column": 9 }
      },
      "19": {
        "start": { "line": 20, "column": 0 },
        "end": { "line": 20, "column": 15 }
      },
      "20": {
        "start": { "line": 21, "column": 0 },
        "end": { "line": 21, "column": 17 }
      },
      "21": {
        "start": { "line": 22, "column": 0 },
        "end": { "line": 22, "column": 21 }
      },
      "22": {
        "start": { "line": 23, "column": 0 },
        "end": { "line": 23, "column": 4 }
      },
      "23": {
        "start": { "line": 24, "column": 0 },
        "end": { "line": 24, "column": 11 }
      },
      "24": {
        "start": { "line": 25, "column": 0 },
        "end": { "line": 25, "column": 19 }
      },
      "25": {
        "start": { "line": 26, "column": 0 },
        "end": { "line": 26, "column": 18 }
      },
      "26": {
        "start": { "line": 27, "column": 0 },
        "end": { "line": 27, "column": 23 }
      },
      "27": {
        "start": { "line": 28, "column": 0 },
        "end": { "line": 28, "column": 17 }
      },
      "28": {
        "start": { "line": 29, "column": 0 },
        "end": { "line": 29, "column": 4 }
      },
      "29": {
        "start": { "line": 30, "column": 0 },
        "end": { "line": 30, "column": 3 }
      },
      "32": {
        "start": { "line": 33, "column": 0 },
        "end": { "line": 33, "column": 27 }
      },
      "33": {
        "start": { "line": 34, "column": 0 },
        "end": { "line": 34, "column": 31 }
      },
      "34": {
        "start": { "line": 35, "column": 0 },
        "end": { "line": 35, "column": 25 }
      },
      "35": {
        "start": { "line": 36, "column": 0 },
        "end": { "line": 36, "column": 24 }
      },
      "36": {
        "start": { "line": 37, "column": 0 },
        "end": { "line": 37, "column": 26 }
      },
      "37": {
        "start": { "line": 38, "column": 0 },
        "end": { "line": 38, "column": 26 }
      },
      "38": {
        "start": { "line": 39, "column": 0 },
        "end": { "line": 39, "column": 24 }
      },
      "39": {
        "start": { "line": 40, "column": 0 },
        "end": { "line": 40, "column": 23 }
      },
      "40": {
        "start": { "line": 41, "column": 0 },
        "end": { "line": 41, "column": 28 }
      },
      "41": {
        "start": { "line": 42, "column": 0 },
        "end": { "line": 42, "column": 22 }
      },
      "42": {
        "start": { "line": 43, "column": 0 },
        "end": { "line": 43, "column": 25 }
      },
      "43": {
        "start": { "line": 44, "column": 0 },
        "end": { "line": 44, "column": 30 }
      },
      "44": {
        "start": { "line": 45, "column": 0 },
        "end": { "line": 45, "column": 22 }
      },
      "45": {
        "start": { "line": 46, "column": 0 },
        "end": { "line": 46, "column": 25 }
      },
      "46": {
        "start": { "line": 47, "column": 0 },
        "end": { "line": 47, "column": 32 }
      },
      "47": {
        "start": { "line": 48, "column": 0 },
        "end": { "line": 48, "column": 28 }
      },
      "48": {
        "start": { "line": 49, "column": 0 },
        "end": { "line": 49, "column": 2 }
      },
      "51": {
        "start": { "line": 52, "column": 0 },
        "end": { "line": 52, "column": 56 }
      },
      "52": {
        "start": { "line": 53, "column": 0 },
        "end": { "line": 53, "column": 10 }
      },
      "53": {
        "start": { "line": 54, "column": 0 },
        "end": { "line": 54, "column": 26 }
      },
      "54": {
        "start": { "line": 55, "column": 0 },
        "end": { "line": 55, "column": 20 }
      },
      "55": {
        "start": { "line": 56, "column": 0 },
        "end": { "line": 56, "column": 20 }
      },
      "56": {
        "start": { "line": 57, "column": 0 },
        "end": { "line": 57, "column": 25 }
      },
      "57": {
        "start": { "line": 58, "column": 0 },
        "end": { "line": 58, "column": 22 }
      },
      "58": {
        "start": { "line": 59, "column": 0 },
        "end": { "line": 59, "column": 24 }
      },
      "59": {
        "start": { "line": 60, "column": 0 },
        "end": { "line": 60, "column": 32 }
      },
      "60": {
        "start": { "line": 61, "column": 0 },
        "end": { "line": 61, "column": 28 }
      },
      "61": {
        "start": { "line": 62, "column": 0 },
        "end": { "line": 62, "column": 4 }
      },
      "62": {
        "start": { "line": 63, "column": 0 },
        "end": { "line": 63, "column": 9 }
      },
      "63": {
        "start": { "line": 64, "column": 0 },
        "end": { "line": 64, "column": 17 }
      },
      "64": {
        "start": { "line": 65, "column": 0 },
        "end": { "line": 65, "column": 51 }
      },
      "65": {
        "start": { "line": 66, "column": 0 },
        "end": { "line": 66, "column": 22 }
      },
      "66": {
        "start": { "line": 67, "column": 0 },
        "end": { "line": 67, "column": 4 }
      },
      "67": {
        "start": { "line": 68, "column": 0 },
        "end": { "line": 68, "column": 11 }
      },
      "68": {
        "start": { "line": 69, "column": 0 },
        "end": { "line": 69, "column": 22 }
      },
      "69": {
        "start": { "line": 70, "column": 0 },
        "end": { "line": 70, "column": 25 }
      },
      "70": {
        "start": { "line": 71, "column": 0 },
        "end": { "line": 71, "column": 24 }
      },
      "71": {
        "start": { "line": 72, "column": 0 },
        "end": { "line": 72, "column": 44 }
      },
      "72": {
        "start": { "line": 73, "column": 0 },
        "end": { "line": 73, "column": 4 }
      },
      "73": {
        "start": { "line": 74, "column": 0 },
        "end": { "line": 74, "column": 3 }
      },
      "76": {
        "start": { "line": 77, "column": 0 },
        "end": { "line": 77, "column": 55 }
      },
      "77": {
        "start": { "line": 78, "column": 0 },
        "end": { "line": 78, "column": 10 }
      },
      "78": {
        "start": { "line": 79, "column": 0 },
        "end": { "line": 79, "column": 26 }
      },
      "79": {
        "start": { "line": 80, "column": 0 },
        "end": { "line": 80, "column": 20 }
      },
      "80": {
        "start": { "line": 81, "column": 0 },
        "end": { "line": 81, "column": 20 }
      },
      "81": {
        "start": { "line": 82, "column": 0 },
        "end": { "line": 82, "column": 25 }
      },
      "82": {
        "start": { "line": 83, "column": 0 },
        "end": { "line": 83, "column": 22 }
      },
      "83": {
        "start": { "line": 84, "column": 0 },
        "end": { "line": 84, "column": 24 }
      },
      "84": {
        "start": { "line": 85, "column": 0 },
        "end": { "line": 85, "column": 32 }
      },
      "85": {
        "start": { "line": 86, "column": 0 },
        "end": { "line": 86, "column": 28 }
      },
      "86": {
        "start": { "line": 87, "column": 0 },
        "end": { "line": 87, "column": 4 }
      },
      "87": {
        "start": { "line": 88, "column": 0 },
        "end": { "line": 88, "column": 9 }
      },
      "88": {
        "start": { "line": 89, "column": 0 },
        "end": { "line": 89, "column": 17 }
      },
      "89": {
        "start": { "line": 90, "column": 0 },
        "end": { "line": 90, "column": 51 }
      },
      "90": {
        "start": { "line": 91, "column": 0 },
        "end": { "line": 91, "column": 22 }
      },
      "91": {
        "start": { "line": 92, "column": 0 },
        "end": { "line": 92, "column": 4 }
      },
      "92": {
        "start": { "line": 93, "column": 0 },
        "end": { "line": 93, "column": 11 }
      },
      "93": {
        "start": { "line": 94, "column": 0 },
        "end": { "line": 94, "column": 22 }
      },
      "94": {
        "start": { "line": 95, "column": 0 },
        "end": { "line": 95, "column": 25 }
      },
      "95": {
        "start": { "line": 96, "column": 0 },
        "end": { "line": 96, "column": 24 }
      },
      "96": {
        "start": { "line": 97, "column": 0 },
        "end": { "line": 97, "column": 44 }
      },
      "97": {
        "start": { "line": 98, "column": 0 },
        "end": { "line": 98, "column": 4 }
      },
      "98": {
        "start": { "line": 99, "column": 0 },
        "end": { "line": 99, "column": 3 }
      },
      "101": {
        "start": { "line": 102, "column": 0 },
        "end": { "line": 102, "column": 56 }
      },
      "102": {
        "start": { "line": 103, "column": 0 },
        "end": { "line": 103, "column": 10 }
      },
      "103": {
        "start": { "line": 104, "column": 0 },
        "end": { "line": 104, "column": 26 }
      },
      "104": {
        "start": { "line": 105, "column": 0 },
        "end": { "line": 105, "column": 20 }
      },
      "105": {
        "start": { "line": 106, "column": 0 },
        "end": { "line": 106, "column": 20 }
      },
      "106": {
        "start": { "line": 107, "column": 0 },
        "end": { "line": 107, "column": 25 }
      },
      "107": {
        "start": { "line": 108, "column": 0 },
        "end": { "line": 108, "column": 22 }
      },
      "108": {
        "start": { "line": 109, "column": 0 },
        "end": { "line": 109, "column": 24 }
      },
      "109": {
        "start": { "line": 110, "column": 0 },
        "end": { "line": 110, "column": 32 }
      },
      "110": {
        "start": { "line": 111, "column": 0 },
        "end": { "line": 111, "column": 28 }
      },
      "111": {
        "start": { "line": 112, "column": 0 },
        "end": { "line": 112, "column": 4 }
      },
      "112": {
        "start": { "line": 113, "column": 0 },
        "end": { "line": 113, "column": 9 }
      },
      "113": {
        "start": { "line": 114, "column": 0 },
        "end": { "line": 114, "column": 17 }
      },
      "114": {
        "start": { "line": 115, "column": 0 },
        "end": { "line": 115, "column": 51 }
      },
      "115": {
        "start": { "line": 116, "column": 0 },
        "end": { "line": 116, "column": 22 }
      },
      "116": {
        "start": { "line": 117, "column": 0 },
        "end": { "line": 117, "column": 4 }
      },
      "117": {
        "start": { "line": 118, "column": 0 },
        "end": { "line": 118, "column": 11 }
      },
      "118": {
        "start": { "line": 119, "column": 0 },
        "end": { "line": 119, "column": 22 }
      },
      "119": {
        "start": { "line": 120, "column": 0 },
        "end": { "line": 120, "column": 25 }
      },
      "120": {
        "start": { "line": 121, "column": 0 },
        "end": { "line": 121, "column": 24 }
      },
      "121": {
        "start": { "line": 122, "column": 0 },
        "end": { "line": 122, "column": 47 }
      },
      "122": {
        "start": { "line": 123, "column": 0 },
        "end": { "line": 123, "column": 4 }
      },
      "123": {
        "start": { "line": 124, "column": 0 },
        "end": { "line": 124, "column": 3 }
      },
      "126": {
        "start": { "line": 127, "column": 0 },
        "end": { "line": 127, "column": 23 }
      },
      "127": {
        "start": { "line": 128, "column": 0 },
        "end": { "line": 128, "column": 20 }
      },
      "128": {
        "start": { "line": 129, "column": 0 },
        "end": { "line": 129, "column": 18 }
      },
      "129": {
        "start": { "line": 130, "column": 0 },
        "end": { "line": 130, "column": 20 }
      },
      "130": {
        "start": { "line": 131, "column": 0 },
        "end": { "line": 131, "column": 11 }
      },
      "135": {
        "start": { "line": 136, "column": 0 },
        "end": { "line": 136, "column": 26 }
      },
      "136": {
        "start": { "line": 137, "column": 0 },
        "end": { "line": 137, "column": 16 }
      },
      "137": {
        "start": { "line": 138, "column": 0 },
        "end": { "line": 138, "column": 17 }
      },
      "138": {
        "start": { "line": 139, "column": 0 },
        "end": { "line": 139, "column": 16 }
      },
      "139": {
        "start": { "line": 140, "column": 0 },
        "end": { "line": 140, "column": 17 }
      },
      "140": {
        "start": { "line": 141, "column": 0 },
        "end": { "line": 141, "column": 11 }
      },
      "145": {
        "start": { "line": 146, "column": 0 },
        "end": { "line": 146, "column": 29 }
      },
      "146": {
        "start": { "line": 147, "column": 0 },
        "end": { "line": 147, "column": 45 }
      },
      "147": {
        "start": { "line": 148, "column": 0 },
        "end": { "line": 148, "column": 59 }
      },
      "148": {
        "start": { "line": 149, "column": 0 },
        "end": { "line": 149, "column": 54 }
      },
      "149": {
        "start": { "line": 150, "column": 0 },
        "end": { "line": 150, "column": 11 }
      },
      "154": {
        "start": { "line": 155, "column": 0 },
        "end": { "line": 155, "column": 29 }
      },
      "155": {
        "start": { "line": 156, "column": 0 },
        "end": { "line": 156, "column": 50 }
      },
      "156": {
        "start": { "line": 157, "column": 0 },
        "end": { "line": 157, "column": 46 }
      },
      "157": {
        "start": { "line": 158, "column": 0 },
        "end": { "line": 158, "column": 44 }
      },
      "158": {
        "start": { "line": 159, "column": 0 },
        "end": { "line": 159, "column": 48 }
      },
      "159": {
        "start": { "line": 160, "column": 0 },
        "end": { "line": 160, "column": 48 }
      },
      "160": {
        "start": { "line": 161, "column": 0 },
        "end": { "line": 161, "column": 44 }
      },
      "161": {
        "start": { "line": 162, "column": 0 },
        "end": { "line": 162, "column": 41 }
      },
      "162": {
        "start": { "line": 163, "column": 0 },
        "end": { "line": 163, "column": 52 }
      },
      "163": {
        "start": { "line": 164, "column": 0 },
        "end": { "line": 164, "column": 39 }
      },
      "164": {
        "start": { "line": 165, "column": 0 },
        "end": { "line": 165, "column": 46 }
      },
      "165": {
        "start": { "line": 166, "column": 0 },
        "end": { "line": 166, "column": 57 }
      },
      "166": {
        "start": { "line": 167, "column": 0 },
        "end": { "line": 167, "column": 40 }
      },
      "167": {
        "start": { "line": 168, "column": 0 },
        "end": { "line": 168, "column": 46 }
      },
      "168": {
        "start": { "line": 169, "column": 0 },
        "end": { "line": 169, "column": 60 }
      },
      "169": {
        "start": { "line": 170, "column": 0 },
        "end": { "line": 170, "column": 52 }
      },
      "170": {
        "start": { "line": 171, "column": 0 },
        "end": { "line": 171, "column": 11 }
      },
      "175": {
        "start": { "line": 176, "column": 0 },
        "end": { "line": 176, "column": 31 }
      },
      "176": {
        "start": { "line": 177, "column": 0 },
        "end": { "line": 177, "column": 10 }
      },
      "177": {
        "start": { "line": 178, "column": 0 },
        "end": { "line": 178, "column": 35 }
      },
      "178": {
        "start": { "line": 179, "column": 0 },
        "end": { "line": 179, "column": 37 }
      },
      "179": {
        "start": { "line": 180, "column": 0 },
        "end": { "line": 180, "column": 34 }
      },
      "180": {
        "start": { "line": 181, "column": 0 },
        "end": { "line": 181, "column": 40 }
      },
      "181": {
        "start": { "line": 182, "column": 0 },
        "end": { "line": 182, "column": 44 }
      },
      "182": {
        "start": { "line": 183, "column": 0 },
        "end": { "line": 183, "column": 4 }
      },
      "183": {
        "start": { "line": 184, "column": 0 },
        "end": { "line": 184, "column": 9 }
      },
      "184": {
        "start": { "line": 185, "column": 0 },
        "end": { "line": 185, "column": 35 }
      },
      "185": {
        "start": { "line": 186, "column": 0 },
        "end": { "line": 186, "column": 37 }
      },
      "186": {
        "start": { "line": 187, "column": 0 },
        "end": { "line": 187, "column": 34 }
      },
      "187": {
        "start": { "line": 188, "column": 0 },
        "end": { "line": 188, "column": 40 }
      },
      "188": {
        "start": { "line": 189, "column": 0 },
        "end": { "line": 189, "column": 44 }
      },
      "189": {
        "start": { "line": 190, "column": 0 },
        "end": { "line": 190, "column": 4 }
      },
      "190": {
        "start": { "line": 191, "column": 0 },
        "end": { "line": 191, "column": 10 }
      },
      "191": {
        "start": { "line": 192, "column": 0 },
        "end": { "line": 192, "column": 35 }
      },
      "192": {
        "start": { "line": 193, "column": 0 },
        "end": { "line": 193, "column": 37 }
      },
      "193": {
        "start": { "line": 194, "column": 0 },
        "end": { "line": 194, "column": 34 }
      },
      "194": {
        "start": { "line": 195, "column": 0 },
        "end": { "line": 195, "column": 40 }
      },
      "195": {
        "start": { "line": 196, "column": 0 },
        "end": { "line": 196, "column": 44 }
      },
      "196": {
        "start": { "line": 197, "column": 0 },
        "end": { "line": 197, "column": 4 }
      },
      "197": {
        "start": { "line": 198, "column": 0 },
        "end": { "line": 198, "column": 11 }
      },
      "199": {
        "start": { "line": 200, "column": 0 },
        "end": { "line": 200, "column": 34 }
      },
      "200": {
        "start": { "line": 201, "column": 0 },
        "end": { "line": 201, "column": 49 }
      },
      "201": {
        "start": { "line": 202, "column": 0 },
        "end": { "line": 202, "column": 50 }
      },
      "202": {
        "start": { "line": 203, "column": 0 },
        "end": { "line": 203, "column": 49 }
      },
      "203": {
        "start": { "line": 204, "column": 0 },
        "end": { "line": 204, "column": 50 }
      },
      "204": {
        "start": { "line": 205, "column": 0 },
        "end": { "line": 205, "column": 11 }
      },
      "208": {
        "start": { "line": 209, "column": 0 },
        "end": { "line": 209, "column": 36 }
      },
      "209": {
        "start": { "line": 210, "column": 0 },
        "end": { "line": 210, "column": 80 }
      },
      "210": {
        "start": { "line": 211, "column": 0 },
        "end": { "line": 211, "column": 16 }
      },
      "211": {
        "start": { "line": 212, "column": 0 },
        "end": { "line": 212, "column": 79 }
      },
      "212": {
        "start": { "line": 213, "column": 0 },
        "end": { "line": 213, "column": 4 }
      },
      "213": {
        "start": { "line": 214, "column": 0 },
        "end": { "line": 214, "column": 16 }
      },
      "214": {
        "start": { "line": 215, "column": 0 },
        "end": { "line": 215, "column": 74 }
      },
      "215": {
        "start": { "line": 216, "column": 0 },
        "end": { "line": 216, "column": 4 }
      },
      "216": {
        "start": { "line": 217, "column": 0 },
        "end": { "line": 217, "column": 11 }
      }
    },
    "s": {
      "0": 0,
      "7": 0,
      "8": 0,
      "9": 0,
      "10": 0,
      "11": 0,
      "12": 0,
      "13": 0,
      "14": 0,
      "15": 0,
      "16": 0,
      "17": 0,
      "18": 0,
      "19": 0,
      "20": 0,
      "21": 0,
      "22": 0,
      "23": 0,
      "24": 0,
      "25": 0,
      "26": 0,
      "27": 0,
      "28": 0,
      "29": 0,
      "32": 0,
      "33": 0,
      "34": 0,
      "35": 0,
      "36": 0,
      "37": 0,
      "38": 0,
      "39": 0,
      "40": 0,
      "41": 0,
      "42": 0,
      "43": 0,
      "44": 0,
      "45": 0,
      "46": 0,
      "47": 0,
      "48": 0,
      "51": 0,
      "52": 0,
      "53": 0,
      "54": 0,
      "55": 0,
      "56": 0,
      "57": 0,
      "58": 0,
      "59": 0,
      "60": 0,
      "61": 0,
      "62": 0,
      "63": 0,
      "64": 0,
      "65": 0,
      "66": 0,
      "67": 0,
      "68": 0,
      "69": 0,
      "70": 0,
      "71": 0,
      "72": 0,
      "73": 0,
      "76": 0,
      "77": 0,
      "78": 0,
      "79": 0,
      "80": 0,
      "81": 0,
      "82": 0,
      "83": 0,
      "84": 0,
      "85": 0,
      "86": 0,
      "87": 0,
      "88": 0,
      "89": 0,
      "90": 0,
      "91": 0,
      "92": 0,
      "93": 0,
      "94": 0,
      "95": 0,
      "96": 0,
      "97": 0,
      "98": 0,
      "101": 0,
      "102": 0,
      "103": 0,
      "104": 0,
      "105": 0,
      "106": 0,
      "107": 0,
      "108": 0,
      "109": 0,
      "110": 0,
      "111": 0,
      "112": 0,
      "113": 0,
      "114": 0,
      "115": 0,
      "116": 0,
      "117": 0,
      "118": 0,
      "119": 0,
      "120": 0,
      "121": 0,
      "122": 0,
      "123": 0,
      "126": 0,
      "127": 0,
      "128": 0,
      "129": 0,
      "130": 0,
      "135": 0,
      "136": 0,
      "137": 0,
      "138": 0,
      "139": 0,
      "140": 0,
      "145": 0,
      "146": 0,
      "147": 0,
      "148": 0,
      "149": 0,
      "154": 0,
      "155": 0,
      "156": 0,
      "157": 0,
      "158": 0,
      "159": 0,
      "160": 0,
      "161": 0,
      "162": 0,
      "163": 0,
      "164": 0,
      "165": 0,
      "166": 0,
      "167": 0,
      "168": 0,
      "169": 0,
      "170": 0,
      "175": 0,
      "176": 0,
      "177": 0,
      "178": 0,
      "179": 0,
      "180": 0,
      "181": 0,
      "182": 0,
      "183": 0,
      "184": 0,
      "185": 0,
      "186": 0,
      "187": 0,
      "188": 0,
      "189": 0,
      "190": 0,
      "191": 0,
      "192": 0,
      "193": 0,
      "194": 0,
      "195": 0,
      "196": 0,
      "197": 0,
      "199": 0,
      "200": 0,
      "201": 0,
      "202": 0,
      "203": 0,
      "204": 0,
      "208": 0,
      "209": 0,
      "210": 0,
      "211": 0,
      "212": 0,
      "213": 0,
      "214": 0,
      "215": 0,
      "216": 0
    },
    "branchMap": {
      "0": {
        "type": "branch",
        "line": 1,
        "loc": {
          "start": { "line": 1, "column": 5626 },
          "end": { "line": 219, "column": 63 }
        },
        "locations": [
          {
            "start": { "line": 1, "column": 5626 },
            "end": { "line": 219, "column": 63 }
          }
        ]
      }
    },
    "b": { "0": [0] },
    "fnMap": {
      "0": {
        "name": "(empty-report)",
        "decl": {
          "start": { "line": 1, "column": 5626 },
          "end": { "line": 219, "column": 63 }
        },
        "loc": {
          "start": { "line": 1, "column": 5626 },
          "end": { "line": 219, "column": 63 }
        },
        "line": 1
      }
    },
    "f": { "0": 0 }
  },
  "/home/kokkoh/dev/product/browser_ex/better_reader_view/assets/integrated-reader.css.ts": {
    "path": "/home/kokkoh/dev/product/browser_ex/better_reader_view/assets/integrated-reader.css.ts",
    "all": false,
    "statementMap": {},
    "s": {},
    "branchMap": {},
    "b": {},
    "fnMap": {},
    "f": {}
  },
  "/home/kokkoh/dev/product/browser_ex/better_reader_view/assets/popup.css.ts": {
    "path": "/home/kokkoh/dev/product/browser_ex/better_reader_view/assets/popup.css.ts",
    "all": true,
    "statementMap": {},
    "s": {},
    "branchMap": {
      "0": {
        "type": "branch",
        "line": 1,
        "loc": {
          "start": { "line": 1, "column": 796 },
          "end": { "line": 33, "column": 3 }
        },
        "locations": [
          {
            "start": { "line": 1, "column": 796 },
            "end": { "line": 33, "column": 3 }
          }
        ]
      }
    },
    "b": { "0": [1] },
    "fnMap": {
      "0": {
        "name": "(empty-report)",
        "decl": {
          "start": { "line": 1, "column": 796 },
          "end": { "line": 33, "column": 3 }
        },
        "loc": {
          "start": { "line": 1, "column": 796 },
          "end": { "line": 33, "column": 3 }
        },
        "line": 1
      }
    },
    "f": { "0": 1 }
  },
  "/home/kokkoh/dev/product/browser_ex/better_reader_view/assets/reader.css.ts": {
    "path": "/home/kokkoh/dev/product/browser_ex/better_reader_view/assets/reader.css.ts",
    "all": true,
    "statementMap": {
      "0": {
        "start": { "line": 1, "column": 0 },
        "end": { "line": 1, "column": 45 }
      },
      "1": {
        "start": { "line": 2, "column": 0 },
        "end": { "line": 2, "column": 62 }
      },
      "2": {
        "start": { "line": 3, "column": 0 },
        "end": { "line": 3, "column": 0 }
      },
      "3": {
        "start": { "line": 4, "column": 0 },
        "end": { "line": 4, "column": 38 }
      },
      "4": {
        "start": { "line": 5, "column": 0 },
        "end": { "line": 5, "column": 20 }
      },
      "5": {
        "start": { "line": 6, "column": 0 },
        "end": { "line": 6, "column": 9 }
      },
      "6": {
        "start": { "line": 7, "column": 0 },
        "end": { "line": 7, "column": 10 }
      },
      "7": {
        "start": { "line": 8, "column": 0 },
        "end": { "line": 8, "column": 17 }
      },
      "8": {
        "start": { "line": 9, "column": 0 },
        "end": { "line": 9, "column": 18 }
      },
      "9": {
        "start": { "line": 10, "column": 0 },
        "end": { "line": 10, "column": 52 }
      },
      "10": {
        "start": { "line": 11, "column": 0 },
        "end": { "line": 11, "column": 36 }
      },
      "11": {
        "start": { "line": 12, "column": 0 },
        "end": { "line": 12, "column": 42 }
      },
      "12": {
        "start": { "line": 13, "column": 0 },
        "end": { "line": 13, "column": 38 }
      },
      "13": {
        "start": { "line": 14, "column": 0 },
        "end": { "line": 14, "column": 46 }
      },
      "14": {
        "start": { "line": 15, "column": 0 },
        "end": { "line": 15, "column": 17 }
      },
      "15": {
        "start": { "line": 16, "column": 0 },
        "end": { "line": 16, "column": 19 }
      },
      "16": {
        "start": { "line": 17, "column": 0 },
        "end": { "line": 17, "column": 0 }
      },
      "17": {
        "start": { "line": 18, "column": 0 },
        "end": { "line": 18, "column": 50 }
      },
      "18": {
        "start": { "line": 19, "column": 0 },
        "end": { "line": 19, "column": 9 }
      },
      "19": {
        "start": { "line": 20, "column": 0 },
        "end": { "line": 20, "column": 67 }
      },
      "20": {
        "start": { "line": 21, "column": 0 },
        "end": { "line": 21, "column": 55 }
      },
      "21": {
        "start": { "line": 22, "column": 0 },
        "end": { "line": 22, "column": 53 }
      },
      "22": {
        "start": { "line": 23, "column": 0 },
        "end": { "line": 23, "column": 57 }
      },
      "23": {
        "start": { "line": 24, "column": 0 },
        "end": { "line": 24, "column": 61 }
      },
      "24": {
        "start": { "line": 25, "column": 0 },
        "end": { "line": 25, "column": 59 }
      },
      "25": {
        "start": { "line": 26, "column": 0 },
        "end": { "line": 26, "column": 57 }
      },
      "26": {
        "start": { "line": 27, "column": 0 },
        "end": { "line": 27, "column": 67 }
      },
      "27": {
        "start": { "line": 28, "column": 0 },
        "end": { "line": 28, "column": 55 }
      },
      "28": {
        "start": { "line": 29, "column": 0 },
        "end": { "line": 29, "column": 55 }
      },
      "29": {
        "start": { "line": 30, "column": 0 },
        "end": { "line": 30, "column": 65 }
      },
      "30": {
        "start": { "line": 31, "column": 0 },
        "end": { "line": 31, "column": 54 }
      },
      "31": {
        "start": { "line": 32, "column": 0 },
        "end": { "line": 32, "column": 59 }
      },
      "32": {
        "start": { "line": 33, "column": 0 },
        "end": { "line": 33, "column": 74 }
      },
      "33": {
        "start": { "line": 34, "column": 0 },
        "end": { "line": 34, "column": 66 }
      },
      "34": {
        "start": { "line": 35, "column": 0 },
        "end": { "line": 35, "column": 4 }
      },
      "35": {
        "start": { "line": 36, "column": 0 },
        "end": { "line": 36, "column": 3 }
      },
      "36": {
        "start": { "line": 37, "column": 0 },
        "end": { "line": 37, "column": 0 }
      },
      "37": {
        "start": { "line": 38, "column": 0 },
        "end": { "line": 38, "column": 36 }
      },
      "38": {
        "start": { "line": 39, "column": 0 },
        "end": { "line": 39, "column": 44 }
      },
      "39": {
        "start": { "line": 40, "column": 0 },
        "end": { "line": 40, "column": 19 }
      },
      "40": {
        "start": { "line": 41, "column": 0 },
        "end": { "line": 41, "column": 42 }
      },
      "41": {
        "start": { "line": 42, "column": 0 },
        "end": { "line": 42, "column": 3 }
      },
      "42": {
        "start": { "line": 43, "column": 0 },
        "end": { "line": 43, "column": 0 }
      },
      "43": {
        "start": { "line": 44, "column": 0 },
        "end": { "line": 44, "column": 34 }
      },
      "44": {
        "start": { "line": 45, "column": 0 },
        "end": { "line": 45, "column": 20 }
      },
      "45": {
        "start": { "line": 46, "column": 0 },
        "end": { "line": 46, "column": 21 }
      },
      "46": {
        "start": { "line": 47, "column": 0 },
        "end": { "line": 47, "column": 24 }
      },
      "47": {
        "start": { "line": 48, "column": 0 },
        "end": { "line": 48, "column": 36 }
      },
      "48": {
        "start": { "line": 49, "column": 0 },
        "end": { "line": 49, "column": 3 }
      },
      "49": {
        "start": { "line": 50, "column": 0 },
        "end": { "line": 50, "column": 0 }
      },
      "50": {
        "start": { "line": 51, "column": 0 },
        "end": { "line": 51, "column": 35 }
      },
      "51": {
        "start": { "line": 52, "column": 0 },
        "end": { "line": 52, "column": 20 }
      },
      "52": {
        "start": { "line": 53, "column": 0 },
        "end": { "line": 53, "column": 78 }
      },
      "53": {
        "start": { "line": 54, "column": 0 },
        "end": { "line": 54, "column": 22 }
      },
      "54": {
        "start": { "line": 55, "column": 0 },
        "end": { "line": 55, "column": 3 }
      },
      "55": {
        "start": { "line": 56, "column": 0 },
        "end": { "line": 56, "column": 0 }
      },
      "56": {
        "start": { "line": 57, "column": 0 },
        "end": { "line": 57, "column": 33 }
      },
      "57": {
        "start": { "line": 58, "column": 0 },
        "end": { "line": 58, "column": 14 }
      },
      "58": {
        "start": { "line": 59, "column": 0 },
        "end": { "line": 59, "column": 12 }
      },
      "59": {
        "start": { "line": 60, "column": 0 },
        "end": { "line": 60, "column": 28 }
      },
      "60": {
        "start": { "line": 61, "column": 0 },
        "end": { "line": 61, "column": 50 }
      },
      "61": {
        "start": { "line": 62, "column": 0 },
        "end": { "line": 62, "column": 6 }
      },
      "62": {
        "start": { "line": 63, "column": 0 },
        "end": { "line": 63, "column": 43 }
      },
      "63": {
        "start": { "line": 64, "column": 0 },
        "end": { "line": 64, "column": 23 }
      },
      "64": {
        "start": { "line": 65, "column": 0 },
        "end": { "line": 65, "column": 26 }
      },
      "65": {
        "start": { "line": 66, "column": 0 },
        "end": { "line": 66, "column": 24 }
      },
      "66": {
        "start": { "line": 67, "column": 0 },
        "end": { "line": 67, "column": 40 }
      },
      "67": {
        "start": { "line": 68, "column": 0 },
        "end": { "line": 68, "column": 6 }
      },
      "68": {
        "start": { "line": 69, "column": 0 },
        "end": { "line": 69, "column": 32 }
      },
      "69": {
        "start": { "line": 70, "column": 0 },
        "end": { "line": 70, "column": 34 }
      },
      "70": {
        "start": { "line": 71, "column": 0 },
        "end": { "line": 71, "column": 35 }
      },
      "71": {
        "start": { "line": 72, "column": 0 },
        "end": { "line": 72, "column": 12 }
      },
      "72": {
        "start": { "line": 73, "column": 0 },
        "end": { "line": 73, "column": 40 }
      },
      "73": {
        "start": { "line": 74, "column": 0 },
        "end": { "line": 74, "column": 34 }
      },
      "74": {
        "start": { "line": 75, "column": 0 },
        "end": { "line": 75, "column": 6 }
      },
      "75": {
        "start": { "line": 76, "column": 0 },
        "end": { "line": 76, "column": 18 }
      },
      "76": {
        "start": { "line": 77, "column": 0 },
        "end": { "line": 77, "column": 45 }
      },
      "77": {
        "start": { "line": 78, "column": 0 },
        "end": { "line": 78, "column": 6 }
      },
      "78": {
        "start": { "line": 79, "column": 0 },
        "end": { "line": 79, "column": 15 }
      },
      "79": {
        "start": { "line": 80, "column": 0 },
        "end": { "line": 80, "column": 52 }
      },
      "80": {
        "start": { "line": 81, "column": 0 },
        "end": { "line": 81, "column": 44 }
      },
      "81": {
        "start": { "line": 82, "column": 0 },
        "end": { "line": 82, "column": 29 }
      },
      "82": {
        "start": { "line": 83, "column": 0 },
        "end": { "line": 83, "column": 26 }
      },
      "83": {
        "start": { "line": 84, "column": 0 },
        "end": { "line": 84, "column": 24 }
      },
      "84": {
        "start": { "line": 85, "column": 0 },
        "end": { "line": 85, "column": 6 }
      },
      "85": {
        "start": { "line": 86, "column": 0 },
        "end": { "line": 86, "column": 14 }
      },
      "86": {
        "start": { "line": 87, "column": 0 },
        "end": { "line": 87, "column": 52 }
      },
      "87": {
        "start": { "line": 88, "column": 0 },
        "end": { "line": 88, "column": 21 }
      },
      "88": {
        "start": { "line": 89, "column": 0 },
        "end": { "line": 89, "column": 56 }
      },
      "89": {
        "start": { "line": 90, "column": 0 },
        "end": { "line": 90, "column": 23 }
      },
      "90": {
        "start": { "line": 91, "column": 0 },
        "end": { "line": 91, "column": 28 }
      },
      "91": {
        "start": { "line": 92, "column": 0 },
        "end": { "line": 92, "column": 6 }
      },
      "92": {
        "start": { "line": 93, "column": 0 },
        "end": { "line": 93, "column": 19 }
      },
      "93": {
        "start": { "line": 94, "column": 0 },
        "end": { "line": 94, "column": 37 }
      },
      "94": {
        "start": { "line": 95, "column": 0 },
        "end": { "line": 95, "column": 17 }
      },
      "95": {
        "start": { "line": 96, "column": 0 },
        "end": { "line": 96, "column": 6 }
      },
      "96": {
        "start": { "line": 97, "column": 0 },
        "end": { "line": 97, "column": 21 }
      },
      "97": {
        "start": { "line": 98, "column": 0 },
        "end": { "line": 98, "column": 72 }
      },
      "98": {
        "start": { "line": 99, "column": 0 },
        "end": { "line": 99, "column": 58 }
      },
      "99": {
        "start": { "line": 100, "column": 0 },
        "end": { "line": 100, "column": 21 }
      },
      "100": {
        "start": { "line": 101, "column": 0 },
        "end": { "line": 101, "column": 24 }
      },
      "101": {
        "start": { "line": 102, "column": 0 },
        "end": { "line": 102, "column": 56 }
      },
      "102": {
        "start": { "line": 103, "column": 0 },
        "end": { "line": 103, "column": 6 }
      },
      "103": {
        "start": { "line": 104, "column": 0 },
        "end": { "line": 104, "column": 14 }
      },
      "104": {
        "start": { "line": 105, "column": 0 },
        "end": { "line": 105, "column": 23 }
      },
      "105": {
        "start": { "line": 106, "column": 0 },
        "end": { "line": 106, "column": 21 }
      },
      "106": {
        "start": { "line": 107, "column": 0 },
        "end": { "line": 107, "column": 56 }
      },
      "107": {
        "start": { "line": 108, "column": 0 },
        "end": { "line": 108, "column": 47 }
      },
      "108": {
        "start": { "line": 109, "column": 0 },
        "end": { "line": 109, "column": 28 }
      },
      "109": {
        "start": { "line": 110, "column": 0 },
        "end": { "line": 110, "column": 6 }
      },
      "110": {
        "start": { "line": 111, "column": 0 },
        "end": { "line": 111, "column": 19 }
      },
      "111": {
        "start": { "line": 112, "column": 0 },
        "end": { "line": 112, "column": 25 }
      },
      "112": {
        "start": { "line": 113, "column": 0 },
        "end": { "line": 113, "column": 28 }
      },
      "113": {
        "start": { "line": 114, "column": 0 },
        "end": { "line": 114, "column": 6 }
      },
      "114": {
        "start": { "line": 115, "column": 0 },
        "end": { "line": 115, "column": 13 }
      },
      "115": {
        "start": { "line": 116, "column": 0 },
        "end": { "line": 116, "column": 28 }
      },
      "116": {
        "start": { "line": 117, "column": 0 },
        "end": { "line": 117, "column": 6 }
      },
      "117": {
        "start": { "line": 118, "column": 0 },
        "end": { "line": 118, "column": 4 }
      },
      "118": {
        "start": { "line": 119, "column": 0 },
        "end": { "line": 119, "column": 3 }
      },
      "119": {
        "start": { "line": 120, "column": 0 },
        "end": { "line": 120, "column": 0 }
      },
      "120": {
        "start": { "line": 121, "column": 0 },
        "end": { "line": 121, "column": 34 }
      },
      "121": {
        "start": { "line": 122, "column": 0 },
        "end": { "line": 122, "column": 20 }
      },
      "122": {
        "start": { "line": 123, "column": 0 },
        "end": { "line": 123, "column": 14 }
      },
      "123": {
        "start": { "line": 124, "column": 0 },
        "end": { "line": 124, "column": 16 }
      },
      "124": {
        "start": { "line": 125, "column": 0 },
        "end": { "line": 125, "column": 88 }
      },
      "125": {
        "start": { "line": 126, "column": 0 },
        "end": { "line": 126, "column": 36 }
      },
      "126": {
        "start": { "line": 127, "column": 0 },
        "end": { "line": 127, "column": 17 }
      },
      "127": {
        "start": { "line": 128, "column": 0 },
        "end": { "line": 128, "column": 22 }
      },
      "128": {
        "start": { "line": 129, "column": 0 },
        "end": { "line": 129, "column": 16 }
      },
      "129": {
        "start": { "line": 130, "column": 0 },
        "end": { "line": 130, "column": 17 }
      },
      "130": {
        "start": { "line": 131, "column": 0 },
        "end": { "line": 131, "column": 20 }
      },
      "131": {
        "start": { "line": 132, "column": 0 },
        "end": { "line": 132, "column": 18 }
      },
      "132": {
        "start": { "line": 133, "column": 0 },
        "end": { "line": 133, "column": 23 }
      },
      "133": {
        "start": { "line": 134, "column": 0 },
        "end": { "line": 134, "column": 27 }
      },
      "134": {
        "start": { "line": 135, "column": 0 },
        "end": { "line": 135, "column": 19 }
      },
      "135": {
        "start": { "line": 136, "column": 0 },
        "end": { "line": 136, "column": 18 }
      },
      "136": {
        "start": { "line": 137, "column": 0 },
        "end": { "line": 137, "column": 0 }
      },
      "137": {
        "start": { "line": 138, "column": 0 },
        "end": { "line": 138, "column": 13 }
      },
      "138": {
        "start": { "line": 139, "column": 0 },
        "end": { "line": 139, "column": 90 }
      },
      "139": {
        "start": { "line": 140, "column": 0 },
        "end": { "line": 140, "column": 4 }
      },
      "140": {
        "start": { "line": 141, "column": 0 },
        "end": { "line": 141, "column": 3 }
      }
    },
    "s": {
      "0": 0,
      "1": 0,
      "2": 0,
      "3": 0,
      "4": 0,
      "5": 0,
      "6": 0,
      "7": 0,
      "8": 0,
      "9": 0,
      "10": 0,
      "11": 0,
      "12": 0,
      "13": 0,
      "14": 0,
      "15": 0,
      "16": 0,
      "17": 0,
      "18": 0,
      "19": 0,
      "20": 0,
      "21": 0,
      "22": 0,
      "23": 0,
      "24": 0,
      "25": 0,
      "26": 0,
      "27": 0,
      "28": 0,
      "29": 0,
      "30": 0,
      "31": 0,
      "32": 0,
      "33": 0,
      "34": 0,
      "35": 0,
      "36": 0,
      "37": 0,
      "38": 0,
      "39": 0,
      "40": 0,
      "41": 0,
      "42": 0,
      "43": 0,
      "44": 0,
      "45": 0,
      "46": 0,
      "47": 0,
      "48": 0,
      "49": 0,
      "50": 0,
      "51": 0,
      "52": 0,
      "53": 0,
      "54": 0,
      "55": 0,
      "56": 0,
      "57": 0,
      "58": 0,
      "59": 0,
      "60": 0,
      "61": 0,
      "62": 0,
      "63": 0,
      "64": 0,
      "65": 0,
      "66": 0,
      "67": 0,
      "68": 0,
      "69": 0,
      "70": 0,
      "71": 0,
      "72": 0,
      "73": 0,
      "74": 0,
      "75": 0,
      "76": 0,
      "77": 0,
      "78": 0,
      "79": 0,
      "80": 0,
      "81": 0,
      "82": 0,
      "83": 0,
      "84": 0,
      "85": 0,
      "86": 0,
      "87": 0,
      "88": 0,
      "89": 0,
      "90": 0,
      "91": 0,
      "92": 0,
      "93": 0,
      "94": 0,
      "95": 0,
      "96": 0,
      "97": 0,
      "98": 0,
      "99": 0,
      "100": 0,
      "101": 0,
      "102": 0,
      "103": 0,
      "104": 0,
      "105": 0,
      "106": 0,
      "107": 0,
      "108": 0,
      "109": 0,
      "110": 0,
      "111": 0,
      "112": 0,
      "113": 0,
      "114": 0,
      "115": 0,
      "116": 0,
      "117": 0,
      "118": 0,
      "119": 0,
      "120": 0,
      "121": 0,
      "122": 0,
      "123": 0,
      "124": 0,
      "125": 0,
      "126": 0,
      "127": 0,
      "128": 0,
      "129": 0,
      "130": 0,
      "131": 0,
      "132": 0,
      "133": 0,
      "134": 0,
      "135": 0,
      "136": 0,
      "137": 0,
      "138": 0,
      "139": 0,
      "140": 0
    },
    "branchMap": {
      "0": {
        "type": "branch",
        "line": 1,
        "loc": {
          "start": { "line": 1, "column": 0 },
          "end": { "line": 141, "column": 3 }
        },
        "locations": [
          {
            "start": { "line": 1, "column": 0 },
            "end": { "line": 141, "column": 3 }
          }
        ]
      }
    },
    "b": { "0": [0] },
    "fnMap": {
      "0": {
        "name": "(empty-report)",
        "decl": {
          "start": { "line": 1, "column": 0 },
          "end": { "line": 141, "column": 3 }
        },
        "loc": {
          "start": { "line": 1, "column": 0 },
          "end": { "line": 141, "column": 3 }
        },
        "line": 1
      }
    },
    "f": { "0": 0 }
  },
  "/home/kokkoh/dev/product/browser_ex/better_reader_view/assets/settings-panel.css.ts": {
    "path": "/home/kokkoh/dev/product/browser_ex/better_reader_view/assets/settings-panel.css.ts",
    "all": true,
    "statementMap": {},
    "s": {},
    "branchMap": {
      "0": {
        "type": "branch",
        "line": 1,
        "loc": {
          "start": { "line": 1, "column": 3274 },
          "end": { "line": 159, "column": 2 }
        },
        "locations": [
          {
            "start": { "line": 1, "column": 3274 },
            "end": { "line": 159, "column": 2 }
          }
        ]
      }
    },
    "b": { "0": [1] },
    "fnMap": {
      "0": {
        "name": "(empty-report)",
        "decl": {
          "start": { "line": 1, "column": 3274 },
          "end": { "line": 159, "column": 2 }
        },
        "loc": {
          "start": { "line": 1, "column": 3274 },
          "end": { "line": 159, "column": 2 }
        },
        "line": 1
      }
    },
    "f": { "0": 1 }
  },
  "/home/kokkoh/dev/product/browser_ex/better_reader_view/components/IntegratedReaderView.tsx": {
    "path": "/home/kokkoh/dev/product/browser_ex/better_reader_view/components/IntegratedReaderView.tsx",
    "all": false,
    "statementMap": {
      "0": {
        "start": { "line": 1, "column": 0 },
        "end": { "line": 1, "column": 51 }
      },
      "1": {
        "start": { "line": 2, "column": 0 },
        "end": { "line": 2, "column": 42 }
      },
      "2": {
        "start": { "line": 3, "column": 0 },
        "end": { "line": 3, "column": 48 }
      },
      "3": {
        "start": { "line": 4, "column": 0 },
        "end": { "line": 4, "column": 59 }
      },
      "4": {
        "start": { "line": 5, "column": 0 },
        "end": { "line": 5, "column": 51 }
      },
      "5": {
        "start": { "line": 6, "column": 0 },
        "end": { "line": 6, "column": 8 }
      },
      "40": {
        "start": { "line": 41, "column": 0 },
        "end": { "line": 41, "column": 75 }
      },
      "41": {
        "start": { "line": 42, "column": 0 },
        "end": { "line": 42, "column": 10 }
      },
      "42": {
        "start": { "line": 43, "column": 0 },
        "end": { "line": 43, "column": 12 }
      },
      "43": {
        "start": { "line": 44, "column": 0 },
        "end": { "line": 44, "column": 10 }
      },
      "44": {
        "start": { "line": 45, "column": 0 },
        "end": { "line": 45, "column": 7 }
      },
      "45": {
        "start": { "line": 46, "column": 0 },
        "end": { "line": 46, "column": 54 }
      },
      "46": {
        "start": { "line": 47, "column": 0 },
        "end": { "line": 47, "column": 21 }
      },
      "47": {
        "start": { "line": 48, "column": 0 },
        "end": { "line": 48, "column": 24 }
      },
      "48": {
        "start": { "line": 49, "column": 0 },
        "end": { "line": 49, "column": 19 }
      },
      "49": {
        "start": { "line": 50, "column": 0 },
        "end": { "line": 50, "column": 31 }
      },
      "50": {
        "start": { "line": 51, "column": 0 },
        "end": { "line": 51, "column": 25 }
      },
      "51": {
        "start": { "line": 52, "column": 0 },
        "end": { "line": 52, "column": 5 }
      },
      "52": {
        "start": { "line": 53, "column": 0 },
        "end": { "line": 53, "column": 78 }
      },
      "53": {
        "start": { "line": 54, "column": 0 },
        "end": { "line": 54, "column": 66 }
      },
      "56": {
        "start": { "line": 57, "column": 0 },
        "end": { "line": 57, "column": 19 }
      },
      "57": {
        "start": { "line": 58, "column": 0 },
        "end": { "line": 58, "column": 58 }
      },
      "58": {
        "start": { "line": 59, "column": 0 },
        "end": { "line": 59, "column": 32 }
      },
      "59": {
        "start": { "line": 60, "column": 0 },
        "end": { "line": 60, "column": 24 }
      },
      "62": {
        "start": { "line": 63, "column": 0 },
        "end": { "line": 63, "column": 19 }
      },
      "63": {
        "start": { "line": 64, "column": 0 },
        "end": { "line": 64, "column": 53 }
      },
      "64": {
        "start": { "line": 65, "column": 0 },
        "end": { "line": 65, "column": 35 }
      },
      "65": {
        "start": { "line": 66, "column": 0 },
        "end": { "line": 66, "column": 37 }
      },
      "66": {
        "start": { "line": 67, "column": 0 },
        "end": { "line": 67, "column": 43 }
      },
      "67": {
        "start": { "line": 68, "column": 0 },
        "end": { "line": 68, "column": 16 }
      },
      "68": {
        "start": { "line": 69, "column": 0 },
        "end": { "line": 69, "column": 20 }
      },
      "69": {
        "start": { "line": 70, "column": 0 },
        "end": { "line": 70, "column": 9 }
      },
      "70": {
        "start": { "line": 71, "column": 0 },
        "end": { "line": 71, "column": 7 }
      },
      "71": {
        "start": { "line": 72, "column": 0 },
        "end": { "line": 72, "column": 6 }
      },
      "73": {
        "start": { "line": 74, "column": 0 },
        "end": { "line": 74, "column": 20 }
      },
      "74": {
        "start": { "line": 75, "column": 0 },
        "end": { "line": 75, "column": 58 }
      },
      "75": {
        "start": { "line": 76, "column": 0 },
        "end": { "line": 76, "column": 74 }
      },
      "76": {
        "start": { "line": 77, "column": 0 },
        "end": { "line": 77, "column": 5 }
      },
      "77": {
        "start": { "line": 78, "column": 0 },
        "end": { "line": 78, "column": 51 }
      },
      "79": {
        "start": { "line": 80, "column": 0 },
        "end": { "line": 80, "column": 59 }
      },
      "80": {
        "start": { "line": 81, "column": 0 },
        "end": { "line": 81, "column": 29 }
      },
      "81": {
        "start": { "line": 82, "column": 0 },
        "end": { "line": 82, "column": 46 }
      },
      "82": {
        "start": { "line": 83, "column": 0 },
        "end": { "line": 83, "column": 4 }
      },
      "84": {
        "start": { "line": 85, "column": 0 },
        "end": { "line": 85, "column": 38 }
      },
      "85": {
        "start": { "line": 86, "column": 0 },
        "end": { "line": 86, "column": 55 }
      },
      "86": {
        "start": { "line": 87, "column": 0 },
        "end": { "line": 87, "column": 4 }
      },
      "88": {
        "start": { "line": 89, "column": 0 },
        "end": { "line": 89, "column": 37 }
      },
      "89": {
        "start": { "line": 90, "column": 0 },
        "end": { "line": 90, "column": 37 }
      },
      "90": {
        "start": { "line": 91, "column": 0 },
        "end": { "line": 91, "column": 4 }
      },
      "93": {
        "start": { "line": 94, "column": 0 },
        "end": { "line": 94, "column": 104 }
      },
      "94": {
        "start": { "line": 95, "column": 0 },
        "end": { "line": 95, "column": 66 }
      },
      "96": {
        "start": { "line": 97, "column": 0 },
        "end": { "line": 97, "column": 10 }
      },
      "97": {
        "start": { "line": 98, "column": 0 },
        "end": { "line": 98, "column": 8 }
      },
      "98": {
        "start": { "line": 99, "column": 0 },
        "end": { "line": 99, "column": 42 }
      },
      "99": {
        "start": { "line": 100, "column": 0 },
        "end": { "line": 100, "column": 32 }
      },
      "102": {
        "start": { "line": 103, "column": 0 },
        "end": { "line": 103, "column": 65 }
      },
      "103": {
        "start": { "line": 104, "column": 0 },
        "end": { "line": 104, "column": 15 }
      },
      "104": {
        "start": { "line": 105, "column": 0 },
        "end": { "line": 105, "column": 36 }
      },
      "105": {
        "start": { "line": 106, "column": 0 },
        "end": { "line": 106, "column": 40 }
      },
      "106": {
        "start": { "line": 107, "column": 0 },
        "end": { "line": 107, "column": 31 }
      },
      "107": {
        "start": { "line": 108, "column": 0 },
        "end": { "line": 108, "column": 9 }
      },
      "109": {
        "start": { "line": 110, "column": 0 },
        "end": { "line": 110, "column": 17 }
      },
      "110": {
        "start": { "line": 111, "column": 0 },
        "end": { "line": 111, "column": 15 }
      },
      "111": {
        "start": { "line": 112, "column": 0 },
        "end": { "line": 112, "column": 60 }
      },
      "112": {
        "start": { "line": 113, "column": 0 },
        "end": { "line": 113, "column": 27 }
      },
      "113": {
        "start": { "line": 114, "column": 0 },
        "end": { "line": 114, "column": 35 }
      },
      "114": {
        "start": { "line": 115, "column": 0 },
        "end": { "line": 115, "column": 9 }
      },
      "116": {
        "start": { "line": 117, "column": 0 },
        "end": { "line": 117, "column": 17 }
      },
      "117": {
        "start": { "line": 118, "column": 0 },
        "end": { "line": 118, "column": 12 }
      },
      "120": {
        "start": { "line": 121, "column": 0 },
        "end": { "line": 121, "column": 17 }
      },
      "121": {
        "start": { "line": 122, "column": 0 },
        "end": { "line": 122, "column": 25 }
      },
      "122": {
        "start": { "line": 123, "column": 0 },
        "end": { "line": 123, "column": 29 }
      },
      "123": {
        "start": { "line": 124, "column": 0 },
        "end": { "line": 124, "column": 31 }
      },
      "124": {
        "start": { "line": 125, "column": 0 },
        "end": { "line": 125, "column": 8 }
      },
      "127": {
        "start": { "line": 128, "column": 0 },
        "end": { "line": 128, "column": 20 }
      },
      "128": {
        "start": { "line": 129, "column": 0 },
        "end": { "line": 129, "column": 42 }
      },
      "129": {
        "start": { "line": 130, "column": 0 },
        "end": { "line": 130, "column": 27 }
      },
      "130": {
        "start": { "line": 131, "column": 0 },
        "end": { "line": 131, "column": 47 }
      },
      "131": {
        "start": { "line": 132, "column": 0 },
        "end": { "line": 132, "column": 37 }
      },
      "132": {
        "start": { "line": 133, "column": 0 },
        "end": { "line": 133, "column": 8 }
      },
      "133": {
        "start": { "line": 134, "column": 0 },
        "end": { "line": 134, "column": 10 }
      },
      "135": {
        "start": { "line": 136, "column": 0 },
        "end": { "line": 136, "column": 2 }
      }
    },
    "s": {
      "0": 1,
      "1": 1,
      "2": 1,
      "3": 1,
      "4": 1,
      "5": 1,
      "40": 1,
      "41": 23,
      "42": 23,
      "43": 23,
      "44": 23,
      "45": 23,
      "46": 23,
      "47": 23,
      "48": 23,
      "49": 23,
      "50": 23,
      "51": 23,
      "52": 23,
      "53": 23,
      "56": 23,
      "57": 9,
      "58": 9,
      "59": 23,
      "62": 23,
      "63": 13,
      "64": 1,
      "65": 1,
      "66": 0,
      "67": 1,
      "68": 1,
      "69": 1,
      "70": 1,
      "71": 1,
      "73": 13,
      "74": 12,
      "75": 12,
      "76": 12,
      "77": 23,
      "79": 23,
      "80": 1,
      "81": 1,
      "82": 1,
      "84": 23,
      "85": 3,
      "86": 3,
      "88": 23,
      "89": 1,
      "90": 1,
      "93": 23,
      "94": 23,
      "96": 23,
      "97": 23,
      "98": 23,
      "99": 23,
      "102": 23,
      "103": 23,
      "104": 23,
      "105": 23,
      "106": 23,
      "107": 23,
      "109": 23,
      "110": 23,
      "111": 23,
      "112": 23,
      "113": 23,
      "114": 23,
      "116": 23,
      "117": 23,
      "120": 23,
      "121": 23,
      "122": 23,
      "123": 23,
      "124": 23,
      "127": 23,
      "128": 23,
      "129": 23,
      "130": 23,
      "131": 23,
      "132": 23,
      "133": 23,
      "135": 23
    },
    "branchMap": {
      "0": {
        "type": "branch",
        "line": 41,
        "loc": {
          "start": { "line": 41, "column": 73 },
          "end": { "line": 136, "column": 2 }
        },
        "locations": [
          {
            "start": { "line": 41, "column": 73 },
            "end": { "line": 136, "column": 2 }
          }
        ]
      },
      "1": {
        "type": "branch",
        "line": 94,
        "loc": {
          "start": { "line": 94, "column": 25 },
          "end": { "line": 94, "column": 72 }
        },
        "locations": [
          {
            "start": { "line": 94, "column": 25 },
            "end": { "line": 94, "column": 72 }
          }
        ]
      },
      "2": {
        "type": "branch",
        "line": 94,
        "loc": {
          "start": { "line": 94, "column": 37 },
          "end": { "line": 94, "column": 104 }
        },
        "locations": [
          {
            "start": { "line": 94, "column": 37 },
            "end": { "line": 94, "column": 104 }
          }
        ]
      },
      "3": {
        "type": "branch",
        "line": 95,
        "loc": {
          "start": { "line": 95, "column": 23 },
          "end": { "line": 95, "column": 52 }
        },
        "locations": [
          {
            "start": { "line": 95, "column": 23 },
            "end": { "line": 95, "column": 52 }
          }
        ]
      },
      "4": {
        "type": "branch",
        "line": 95,
        "loc": {
          "start": { "line": 95, "column": 35 },
          "end": { "line": 95, "column": 66 }
        },
        "locations": [
          {
            "start": { "line": 95, "column": 35 },
            "end": { "line": 95, "column": 66 }
          }
        ]
      },
      "5": {
        "type": "branch",
        "line": 54,
        "loc": {
          "start": { "line": 54, "column": 37 },
          "end": { "line": 54, "column": 64 }
        },
        "locations": [
          {
            "start": { "line": 54, "column": 37 },
            "end": { "line": 54, "column": 64 }
          }
        ]
      },
      "6": {
        "type": "branch",
        "line": 57,
        "loc": {
          "start": { "line": 57, "column": 12 },
          "end": { "line": 60, "column": 5 }
        },
        "locations": [
          {
            "start": { "line": 57, "column": 12 },
            "end": { "line": 60, "column": 5 }
          }
        ]
      },
      "7": {
        "type": "branch",
        "line": 63,
        "loc": {
          "start": { "line": 63, "column": 12 },
          "end": { "line": 78, "column": 5 }
        },
        "locations": [
          {
            "start": { "line": 63, "column": 12 },
            "end": { "line": 78, "column": 5 }
          }
        ]
      },
      "8": {
        "type": "branch",
        "line": 74,
        "loc": {
          "start": { "line": 74, "column": 19 },
          "end": { "line": 77, "column": 5 }
        },
        "locations": [
          {
            "start": { "line": 74, "column": 19 },
            "end": { "line": 77, "column": 5 }
          }
        ]
      },
      "9": {
        "type": "branch",
        "line": 64,
        "loc": {
          "start": { "line": 64, "column": 26 },
          "end": { "line": 72, "column": 6 }
        },
        "locations": [
          {
            "start": { "line": 64, "column": 26 },
            "end": { "line": 72, "column": 6 }
          }
        ]
      },
      "10": {
        "type": "branch",
        "line": 66,
        "loc": {
          "start": { "line": 66, "column": 36 },
          "end": { "line": 68, "column": 15 }
        },
        "locations": [
          {
            "start": { "line": 66, "column": 36 },
            "end": { "line": 68, "column": 15 }
          }
        ]
      },
      "11": {
        "type": "branch",
        "line": 76,
        "loc": {
          "start": { "line": 76, "column": 13 },
          "end": { "line": 76, "column": 74 }
        },
        "locations": [
          {
            "start": { "line": 76, "column": 13 },
            "end": { "line": 76, "column": 74 }
          }
        ]
      },
      "12": {
        "type": "branch",
        "line": 80,
        "loc": {
          "start": { "line": 80, "column": 31 },
          "end": { "line": 83, "column": 4 }
        },
        "locations": [
          {
            "start": { "line": 80, "column": 31 },
            "end": { "line": 83, "column": 4 }
          }
        ]
      },
      "13": {
        "type": "branch",
        "line": 85,
        "loc": {
          "start": { "line": 85, "column": 31 },
          "end": { "line": 87, "column": 4 }
        },
        "locations": [
          {
            "start": { "line": 85, "column": 31 },
            "end": { "line": 87, "column": 4 }
          }
        ]
      },
      "14": {
        "type": "branch",
        "line": 89,
        "loc": {
          "start": { "line": 89, "column": 30 },
          "end": { "line": 91, "column": 4 }
        },
        "locations": [
          {
            "start": { "line": 89, "column": 30 },
            "end": { "line": 91, "column": 4 }
          }
        ]
      }
    },
    "b": {
      "0": [23],
      "1": [21],
      "2": [2],
      "3": [21],
      "4": [2],
      "5": [9],
      "6": [9],
      "7": [13],
      "8": [12],
      "9": [1],
      "10": [0],
      "11": [12],
      "12": [1],
      "13": [3],
      "14": [1]
    },
    "fnMap": {
      "0": {
        "name": "IntegratedReaderView",
        "decl": {
          "start": { "line": 41, "column": 73 },
          "end": { "line": 136, "column": 2 }
        },
        "loc": {
          "start": { "line": 41, "column": 73 },
          "end": { "line": 136, "column": 2 }
        },
        "line": 41
      },
      "1": {
        "name": "handleKeyDown",
        "decl": {
          "start": { "line": 64, "column": 26 },
          "end": { "line": 72, "column": 6 }
        },
        "loc": {
          "start": { "line": 64, "column": 26 },
          "end": { "line": 72, "column": 6 }
        },
        "line": 64
      },
      "2": {
        "name": "handleSettingsChange",
        "decl": {
          "start": { "line": 80, "column": 31 },
          "end": { "line": 83, "column": 4 }
        },
        "loc": {
          "start": { "line": 80, "column": 31 },
          "end": { "line": 83, "column": 4 }
        },
        "line": 80
      },
      "3": {
        "name": "handleToggleSettings",
        "decl": {
          "start": { "line": 85, "column": 31 },
          "end": { "line": 87, "column": 4 }
        },
        "loc": {
          "start": { "line": 85, "column": 31 },
          "end": { "line": 87, "column": 4 }
        },
        "line": 85
      },
      "4": {
        "name": "handleCloseSettings",
        "decl": {
          "start": { "line": 89, "column": 30 },
          "end": { "line": 91, "column": 4 }
        },
        "loc": {
          "start": { "line": 89, "column": 30 },
          "end": { "line": 91, "column": 4 }
        },
        "line": 89
      }
    },
    "f": { "0": 23, "1": 1, "2": 1, "3": 3, "4": 1 }
  },
  "/home/kokkoh/dev/product/browser_ex/better_reader_view/components/PopupMsg.tsx": {
    "path": "/home/kokkoh/dev/product/browser_ex/better_reader_view/components/PopupMsg.tsx",
    "all": false,
    "statementMap": {
      "0": {
        "start": { "line": 1, "column": 0 },
        "end": { "line": 1, "column": 34 }
      },
      "1": {
        "start": { "line": 2, "column": 0 },
        "end": { "line": 2, "column": 53 }
      },
      "9": {
        "start": { "line": 10, "column": 0 },
        "end": { "line": 10, "column": 95 }
      },
      "10": {
        "start": { "line": 11, "column": 0 },
        "end": { "line": 11, "column": 19 }
      },
      "11": {
        "start": { "line": 12, "column": 0 },
        "end": { "line": 12, "column": 36 }
      },
      "12": {
        "start": { "line": 13, "column": 0 },
        "end": { "line": 13, "column": 16 }
      },
      "13": {
        "start": { "line": 14, "column": 0 },
        "end": { "line": 14, "column": 13 }
      },
      "14": {
        "start": { "line": 15, "column": 0 },
        "end": { "line": 15, "column": 37 }
      },
      "15": {
        "start": { "line": 16, "column": 0 },
        "end": { "line": 16, "column": 16 }
      },
      "17": {
        "start": { "line": 18, "column": 0 },
        "end": { "line": 18, "column": 57 }
      },
      "18": {
        "start": { "line": 19, "column": 0 },
        "end": { "line": 19, "column": 1 }
      }
    },
    "s": {
      "0": 1,
      "1": 1,
      "9": 12,
      "10": 12,
      "11": 12,
      "12": 2,
      "13": 12,
      "14": 12,
      "15": 12,
      "17": 12,
      "18": 12
    },
    "branchMap": {
      "0": {
        "type": "branch",
        "line": 10,
        "loc": {
          "start": { "line": 10, "column": 0 },
          "end": { "line": 19, "column": 1 }
        },
        "locations": [
          {
            "start": { "line": 10, "column": 0 },
            "end": { "line": 19, "column": 1 }
          }
        ]
      },
      "1": {
        "type": "branch",
        "line": 11,
        "loc": {
          "start": { "line": 11, "column": 12 },
          "end": { "line": 16, "column": 5 }
        },
        "locations": [
          {
            "start": { "line": 11, "column": 12 },
            "end": { "line": 16, "column": 5 }
          }
        ]
      },
      "2": {
        "type": "branch",
        "line": 12,
        "loc": {
          "start": { "line": 12, "column": 29 },
          "end": { "line": 14, "column": 7 }
        },
        "locations": [
          {
            "start": { "line": 12, "column": 29 },
            "end": { "line": 14, "column": 7 }
          }
        ]
      },
      "3": {
        "type": "branch",
        "line": 15,
        "loc": {
          "start": { "line": 15, "column": 11 },
          "end": { "line": 15, "column": 37 }
        },
        "locations": [
          {
            "start": { "line": 15, "column": 11 },
            "end": { "line": 15, "column": 37 }
          }
        ]
      }
    },
    "b": { "0": [12], "1": [12], "2": [2], "3": [12] },
    "fnMap": {
      "0": {
        "name": "PopupMessage",
        "decl": {
          "start": { "line": 10, "column": 0 },
          "end": { "line": 19, "column": 1 }
        },
        "loc": {
          "start": { "line": 10, "column": 0 },
          "end": { "line": 19, "column": 1 }
        },
        "line": 10
      }
    },
    "f": { "0": 12 }
  },
  "/home/kokkoh/dev/product/browser_ex/better_reader_view/components/ReaderView.tsx": {
    "path": "/home/kokkoh/dev/product/browser_ex/better_reader_view/components/ReaderView.tsx",
    "all": false,
    "statementMap": {
      "1": {
        "start": { "line": 2, "column": 0 },
        "end": { "line": 2, "column": 8 }
      },
      "34": {
        "start": { "line": 35, "column": 0 },
        "end": { "line": 35, "column": 55 }
      },
      "35": {
        "start": { "line": 36, "column": 0 },
        "end": { "line": 36, "column": 10 }
      },
      "36": {
        "start": { "line": 37, "column": 0 },
        "end": { "line": 37, "column": 12 }
      },
      "37": {
        "start": { "line": 38, "column": 0 },
        "end": { "line": 38, "column": 7 }
      },
      "38": {
        "start": { "line": 39, "column": 0 },
        "end": { "line": 39, "column": 35 }
      },
      "39": {
        "start": { "line": 40, "column": 0 },
        "end": { "line": 40, "column": 21 }
      },
      "40": {
        "start": { "line": 41, "column": 0 },
        "end": { "line": 41, "column": 34 }
      },
      "42": {
        "start": { "line": 43, "column": 0 },
        "end": { "line": 43, "column": 10 }
      },
      "43": {
        "start": { "line": 44, "column": 0 },
        "end": { "line": 44, "column": 8 }
      },
      "44": {
        "start": { "line": 45, "column": 0 },
        "end": { "line": 45, "column": 31 }
      },
      "45": {
        "start": { "line": 46, "column": 0 },
        "end": { "line": 46, "column": 33 }
      },
      "46": {
        "start": { "line": 47, "column": 0 },
        "end": { "line": 47, "column": 55 }
      },
      "48": {
        "start": { "line": 49, "column": 0 },
        "end": { "line": 49, "column": 37 }
      },
      "49": {
        "start": { "line": 50, "column": 0 },
        "end": { "line": 50, "column": 56 }
      },
      "50": {
        "start": { "line": 51, "column": 0 },
        "end": { "line": 51, "column": 80 }
      },
      "51": {
        "start": { "line": 52, "column": 0 },
        "end": { "line": 52, "column": 12 }
      },
      "52": {
        "start": { "line": 53, "column": 0 },
        "end": { "line": 53, "column": 32 }
      },
      "53": {
        "start": { "line": 54, "column": 0 },
        "end": { "line": 54, "column": 63 }
      },
      "54": {
        "start": { "line": 55, "column": 0 },
        "end": { "line": 55, "column": 10 }
      },
      "55": {
        "start": { "line": 56, "column": 0 },
        "end": { "line": 56, "column": 12 }
      },
      "56": {
        "start": { "line": 57, "column": 0 },
        "end": { "line": 57, "column": 10 }
      },
      "58": {
        "start": { "line": 59, "column": 0 },
        "end": { "line": 59, "column": 2 }
      }
    },
    "s": {
      "1": 1,
      "34": 1,
      "35": 32,
      "36": 32,
      "37": 32,
      "38": 32,
      "39": 29,
      "40": 3,
      "42": 32,
      "43": 32,
      "44": 32,
      "45": 32,
      "46": 32,
      "48": 32,
      "49": 32,
      "50": 32,
      "51": 32,
      "52": 32,
      "53": 32,
      "54": 32,
      "55": 32,
      "56": 32,
      "58": 32
    },
    "branchMap": {
      "0": {
        "type": "branch",
        "line": 35,
        "loc": {
          "start": { "line": 35, "column": 53 },
          "end": { "line": 59, "column": 2 }
        },
        "locations": [
          {
            "start": { "line": 35, "column": 53 },
            "end": { "line": 59, "column": 2 }
          }
        ]
      },
      "1": {
        "type": "branch",
        "line": 39,
        "loc": {
          "start": { "line": 39, "column": 26 },
          "end": { "line": 40, "column": 21 }
        },
        "locations": [
          {
            "start": { "line": 39, "column": 26 },
            "end": { "line": 40, "column": 21 }
          }
        ]
      },
      "2": {
        "type": "branch",
        "line": 40,
        "loc": {
          "start": { "line": 40, "column": 6 },
          "end": { "line": 41, "column": 34 }
        },
        "locations": [
          {
            "start": { "line": 40, "column": 6 },
            "end": { "line": 41, "column": 34 }
          }
        ]
      },
      "3": {
        "type": "branch",
        "line": 47,
        "loc": {
          "start": { "line": 47, "column": 24 },
          "end": { "line": 47, "column": 46 }
        },
        "locations": [
          {
            "start": { "line": 47, "column": 24 },
            "end": { "line": 47, "column": 46 }
          }
        ]
      },
      "4": {
        "type": "branch",
        "line": 47,
        "loc": {
          "start": { "line": 47, "column": 36 },
          "end": { "line": 47, "column": 53 }
        },
        "locations": [
          {
            "start": { "line": 47, "column": 36 },
            "end": { "line": 47, "column": 53 }
          }
        ]
      },
      "5": {
        "type": "branch",
        "line": 51,
        "loc": {
          "start": { "line": 51, "column": 17 },
          "end": { "line": 51, "column": 80 }
        },
        "locations": [
          {
            "start": { "line": 51, "column": 17 },
            "end": { "line": 51, "column": 80 }
          }
        ]
      }
    },
    "b": { "0": [32], "1": [29], "2": [3], "3": [29], "4": [3], "5": [31] },
    "fnMap": {
      "0": {
        "name": "ReaderView",
        "decl": {
          "start": { "line": 35, "column": 53 },
          "end": { "line": 59, "column": 2 }
        },
        "loc": {
          "start": { "line": 35, "column": 53 },
          "end": { "line": 59, "column": 2 }
        },
        "line": 35
      }
    },
    "f": { "0": 32 }
  },
  "/home/kokkoh/dev/product/browser_ex/better_reader_view/components/SettingsPanel.tsx": {
    "path": "/home/kokkoh/dev/product/browser_ex/better_reader_view/components/SettingsPanel.tsx",
    "all": false,
    "statementMap": {
      "1": {
        "start": { "line": 2, "column": 0 },
        "end": { "line": 2, "column": 8 }
      },
      "33": {
        "start": { "line": 34, "column": 0 },
        "end": { "line": 34, "column": 61 }
      },
      "34": {
        "start": { "line": 35, "column": 0 },
        "end": { "line": 35, "column": 12 }
      },
      "35": {
        "start": { "line": 36, "column": 0 },
        "end": { "line": 36, "column": 11 }
      },
      "36": {
        "start": { "line": 37, "column": 0 },
        "end": { "line": 37, "column": 19 }
      },
      "37": {
        "start": { "line": 38, "column": 0 },
        "end": { "line": 38, "column": 10 }
      },
      "38": {
        "start": { "line": 39, "column": 0 },
        "end": { "line": 39, "column": 7 }
      },
      "39": {
        "start": { "line": 40, "column": 0 },
        "end": { "line": 40, "column": 27 }
      },
      "40": {
        "start": { "line": 41, "column": 0 },
        "end": { "line": 41, "column": 38 }
      },
      "41": {
        "start": { "line": 42, "column": 0 },
        "end": { "line": 42, "column": 39 }
      },
      "42": {
        "start": { "line": 43, "column": 0 },
        "end": { "line": 43, "column": 38 }
      },
      "43": {
        "start": { "line": 44, "column": 0 },
        "end": { "line": 44, "column": 40 }
      },
      "44": {
        "start": { "line": 45, "column": 0 },
        "end": { "line": 45, "column": 4 }
      },
      "46": {
        "start": { "line": 47, "column": 0 },
        "end": { "line": 47, "column": 29 }
      },
      "47": {
        "start": { "line": 48, "column": 0 },
        "end": { "line": 48, "column": 39 }
      },
      "48": {
        "start": { "line": 49, "column": 0 },
        "end": { "line": 49, "column": 49 }
      },
      "49": {
        "start": { "line": 50, "column": 0 },
        "end": { "line": 50, "column": 47 }
      },
      "50": {
        "start": { "line": 51, "column": 0 },
        "end": { "line": 51, "column": 4 }
      },
      "52": {
        "start": { "line": 53, "column": 0 },
        "end": { "line": 53, "column": 24 }
      },
      "53": {
        "start": { "line": 54, "column": 0 },
        "end": { "line": 54, "column": 48 }
      },
      "54": {
        "start": { "line": 55, "column": 0 },
        "end": { "line": 55, "column": 46 }
      },
      "55": {
        "start": { "line": 56, "column": 0 },
        "end": { "line": 56, "column": 48 }
      },
      "56": {
        "start": { "line": 57, "column": 0 },
        "end": { "line": 57, "column": 4 }
      },
      "58": {
        "start": { "line": 59, "column": 0 },
        "end": { "line": 59, "column": 57 }
      },
      "59": {
        "start": { "line": 60, "column": 0 },
        "end": { "line": 60, "column": 11 }
      },
      "60": {
        "start": { "line": 61, "column": 0 },
        "end": { "line": 61, "column": 23 }
      },
      "61": {
        "start": { "line": 62, "column": 0 },
        "end": { "line": 62, "column": 8 }
      },
      "62": {
        "start": { "line": 63, "column": 0 },
        "end": { "line": 63, "column": 22 }
      },
      "63": {
        "start": { "line": 64, "column": 0 },
        "end": { "line": 64, "column": 18 }
      },
      "64": {
        "start": { "line": 65, "column": 0 },
        "end": { "line": 65, "column": 19 }
      },
      "65": {
        "start": { "line": 66, "column": 0 },
        "end": { "line": 66, "column": 7 }
      },
      "66": {
        "start": { "line": 67, "column": 0 },
        "end": { "line": 67, "column": 4 }
      },
      "69": {
        "start": { "line": 70, "column": 0 },
        "end": { "line": 70, "column": 31 }
      },
      "70": {
        "start": { "line": 71, "column": 0 },
        "end": { "line": 71, "column": 29 }
      },
      "71": {
        "start": { "line": 72, "column": 0 },
        "end": { "line": 72, "column": 36 }
      },
      "72": {
        "start": { "line": 73, "column": 0 },
[...]
      "75": 2,
      "78": 5,
      "79": 1,
      "80": 1,
      "84": 1,
      "87": 5,
      "88": 0,
      "89": 0,
      "93": 0,
      "95": 5,
      "96": 5,
      "98": 33,
      "101": 2,
      "127": 2,
      "129": 33,
      "130": 1,
      "131": 1,
      "132": 1,
      "134": 1,
      "135": 1,
      "137": 33,
      "138": 0,
      "140": 0,
      "141": 0,
      "142": 0,
      "144": 0,
      "145": 0,
      "146": 0,
      "148": 0,
      "149": 0,
      "150": 0,
      "152": 0,
      "153": 0,
      "155": 33,
      "156": 3,
      "157": 3,
      "159": 33,
      "160": 8,
      "161": 8,
      "162": 8,
      "164": 8,
      "165": 15,
      "166": 15,
      "167": 15,
      "168": 8,
      "169": 8,
      "171": 33,
      "172": 12,
      "173": 12,
      "174": 12,
      "175": 12,
      "177": 33,
      "178": 2,
      "179": 2,
      "181": 33,
      "182": 3,
      "183": 3,
      "184": 3,
      "186": 33,
      "187": 1,
      "188": 1,
      "189": 1,
      "191": 33,
      "192": 1,
      "193": 1,
      "194": 1,
      "196": 33,
      "197": 1,
      "198": 1,
      "200": 33,
      "201": 1,
      "202": 1,
      "204": 33,
      "205": 3,
      "208": 3,
      "209": 3,
      "210": 3,
      "211": 3,
      "213": 33,
      "214": 3,
      "215": 3,
      "216": 3,
      "217": 3,
      "218": 3,
      "219": 3,
      "221": 33,
      "222": 1,
      "223": 1,
      "224": 1,
      "225": 3,
      "226": 3,
      "227": 3,
      "228": 3,
      "229": 3,
      "230": 1,
      "231": 1,
      "233": 33,
      "234": 5,
      "235": 5,
      "236": 5,
      "237": 5,
      "238": 5,
      "240": 33,
      "241": 1,
      "242": 1,
      "243": 1,
      "245": 33,
      "246": 1,
      "247": 1,
      "248": 1,
      "250": 33,
      "251": 1,
      "252": 1,
      "253": 1,
      "254": 33
    },
    "branchMap": {
      "0": {
        "type": "branch",
        "line": 20,
        "loc": {
          "start": { "line": 20, "column": 26 },
          "end": { "line": 255, "column": 1 }
        },
        "locations": [
          {
            "start": { "line": 20, "column": 26 },
            "end": { "line": 255, "column": 1 }
          }
        ]
      },
      "1": {
        "type": "branch",
        "line": 23,
        "loc": {
          "start": { "line": 23, "column": 2 },
          "end": { "line": 34, "column": 3 }
        },
        "locations": [
          {
            "start": { "line": 23, "column": 2 },
            "end": { "line": 34, "column": 3 }
          }
        ]
      },
      "2": {
        "type": "branch",
        "line": 36,
        "loc": {
          "start": { "line": 36, "column": 2 },
          "end": { "line": 47, "column": 3 }
        },
        "locations": [
          {
            "start": { "line": 36, "column": 2 },
            "end": { "line": 47, "column": 3 }
          }
        ]
      },
      "3": {
        "type": "branch",
        "line": 38,
        "loc": {
          "start": { "line": 38, "column": 23 },
          "end": { "line": 40, "column": 5 }
        },
        "locations": [
          {
            "start": { "line": 38, "column": 23 },
            "end": { "line": 40, "column": 5 }
          }
        ]
      },
      "4": {
        "type": "branch",
        "line": 49,
        "loc": {
          "start": { "line": 49, "column": 2 },
          "end": { "line": 97, "column": 3 }
        },
        "locations": [
          {
            "start": { "line": 49, "column": 2 },
            "end": { "line": 97, "column": 3 }
          }
        ]
      },
      "5": {
        "type": "branch",
        "line": 70,
        "loc": {
          "start": { "line": 70, "column": 15 },
          "end": { "line": 76, "column": 5 }
        },
        "locations": [
          {
            "start": { "line": 70, "column": 15 },
            "end": { "line": 76, "column": 5 }
          }
        ]
      },
      "6": {
        "type": "branch",
        "line": 79,
        "loc": {
          "start": { "line": 79, "column": 23 },
          "end": { "line": 85, "column": 5 }
        },
        "locations": [
          {
            "start": { "line": 79, "column": 23 },
            "end": { "line": 85, "column": 5 }
          }
        ]
      },
      "7": {
        "type": "branch",
        "line": 88,
        "loc": {
          "start": { "line": 88, "column": 25 },
          "end": { "line": 94, "column": 5 }
        },
        "locations": [
          {
            "start": { "line": 88, "column": 25 },
            "end": { "line": 94, "column": 5 }
          }
        ]
      },
      "8": {
        "type": "branch",
        "line": 99,
        "loc": {
          "start": { "line": 99, "column": 2 },
          "end": { "line": 128, "column": 3 }
        },
        "locations": [
          {
            "start": { "line": 99, "column": 2 },
            "end": { "line": 128, "column": 3 }
          }
        ]
      },
      "9": {
        "type": "branch",
        "line": 130,
        "loc": {
          "start": { "line": 130, "column": 2 },
          "end": { "line": 136, "column": 3 }
        },
        "locations": [
          {
            "start": { "line": 130, "column": 2 },
            "end": { "line": 136, "column": 3 }
          }
        ]
      },
      "10": {
        "type": "branch",
        "line": 156,
        "loc": {
          "start": { "line": 156, "column": 2 },
          "end": { "line": 158, "column": 3 }
        },
        "locations": [
          {
            "start": { "line": 156, "column": 2 },
            "end": { "line": 158, "column": 3 }
          }
        ]
      },
      "11": {
        "type": "branch",
        "line": 160,
        "loc": {
          "start": { "line": 160, "column": 2 },
          "end": { "line": 170, "column": 3 }
        },
        "locations": [
          {
            "start": { "line": 160, "column": 2 },
            "end": { "line": 170, "column": 3 }
          }
        ]
      },
      "12": {
        "type": "branch",
        "line": 165,
        "loc": {
          "start": { "line": 165, "column": 38 },
          "end": { "line": 169, "column": 5 }
        },
        "locations": [
          {
            "start": { "line": 165, "column": 38 },
            "end": { "line": 169, "column": 5 }
          }
        ]
      },
      "13": {
        "type": "branch",
        "line": 172,
        "loc": {
          "start": { "line": 172, "column": 2 },
          "end": { "line": 176, "column": 3 }
        },
        "locations": [
          {
            "start": { "line": 172, "column": 2 },
            "end": { "line": 176, "column": 3 }
          }
        ]
      },
      "14": {
        "type": "branch",
        "line": 178,
        "loc": {
          "start": { "line": 178, "column": 2 },
          "end": { "line": 180, "column": 3 }
        },
        "locations": [
          {
            "start": { "line": 178, "column": 2 },
            "end": { "line": 180, "column": 3 }
          }
        ]
      },
      "15": {
        "type": "branch",
        "line": 182,
        "loc": {
          "start": { "line": 182, "column": 2 },
          "end": { "line": 185, "column": 3 }
        },
        "locations": [
          {
            "start": { "line": 182, "column": 2 },
            "end": { "line": 185, "column": 3 }
          }
        ]
      },
      "16": {
        "type": "branch",
        "line": 187,
        "loc": {
          "start": { "line": 187, "column": 2 },
          "end": { "line": 190, "column": 3 }
        },
        "locations": [
          {
            "start": { "line": 187, "column": 2 },
            "end": { "line": 190, "column": 3 }
          }
        ]
      },
      "17": {
        "type": "branch",
        "line": 192,
        "loc": {
          "start": { "line": 192, "column": 2 },
          "end": { "line": 195, "column": 3 }
        },
        "locations": [
          {
            "start": { "line": 192, "column": 2 },
            "end": { "line": 195, "column": 3 }
          }
        ]
      },
      "18": {
        "type": "branch",
        "line": 197,
        "loc": {
          "start": { "line": 197, "column": 2 },
          "end": { "line": 199, "column": 3 }
        },
        "locations": [
          {
            "start": { "line": 197, "column": 2 },
            "end": { "line": 199, "column": 3 }
          }
        ]
      },
      "19": {
        "type": "branch",
        "line": 201,
        "loc": {
          "start": { "line": 201, "column": 2 },
          "end": { "line": 203, "column": 3 }
        },
        "locations": [
          {
            "start": { "line": 201, "column": 2 },
            "end": { "line": 203, "column": 3 }
          }
        ]
      },
      "20": {
        "type": "branch",
        "line": 205,
        "loc": {
          "start": { "line": 205, "column": 2 },
          "end": { "line": 212, "column": 3 }
        },
        "locations": [
          {
            "start": { "line": 205, "column": 2 },
            "end": { "line": 212, "column": 3 }
          }
        ]
      },
      "21": {
        "type": "branch",
        "line": 214,
        "loc": {
          "start": { "line": 214, "column": 2 },
          "end": { "line": 220, "column": 3 }
        },
        "locations": [
          {
            "start": { "line": 214, "column": 2 },
            "end": { "line": 220, "column": 3 }
          }
        ]
      },
      "22": {
        "type": "branch",
        "line": 222,
        "loc": {
          "start": { "line": 222, "column": 2 },
          "end": { "line": 232, "column": 3 }
        },
        "locations": [
          {
            "start": { "line": 222, "column": 2 },
            "end": { "line": 232, "column": 3 }
          }
        ]
      },
      "23": {
        "type": "branch",
        "line": 225,
        "loc": {
          "start": { "line": 225, "column": 38 },
          "end": { "line": 231, "column": 5 }
        },
        "locations": [
          {
            "start": { "line": 225, "column": 38 },
            "end": { "line": 231, "column": 5 }
          }
        ]
      },
      "24": {
        "type": "branch",
        "line": 234,
        "loc": {
          "start": { "line": 234, "column": 2 },
          "end": { "line": 239, "column": 3 }
        },
        "locations": [
          {
            "start": { "line": 234, "column": 2 },
            "end": { "line": 239, "column": 3 }
          }
        ]
      },
      "25": {
        "type": "branch",
        "line": 241,
        "loc": {
          "start": { "line": 241, "column": 2 },
          "end": { "line": 244, "column": 3 }
        },
        "locations": [
          {
            "start": { "line": 241, "column": 2 },
            "end": { "line": 244, "column": 3 }
          }
        ]
      },
      "26": {
        "type": "branch",
        "line": 246,
        "loc": {
          "start": { "line": 246, "column": 2 },
          "end": { "line": 249, "column": 3 }
        },
        "locations": [
          {
            "start": { "line": 246, "column": 2 },
            "end": { "line": 249, "column": 3 }
          }
        ]
      },
      "27": {
        "type": "branch",
        "line": 251,
        "loc": {
          "start": { "line": 251, "column": 2 },
          "end": { "line": 254, "column": 3 }
        },
        "locations": [
          {
            "start": { "line": 251, "column": 2 },
            "end": { "line": 254, "column": 3 }
          }
        ]
      }
    },
    "b": {
      "0": [33],
      "1": [5],
      "2": [7],
      "3": [2],
      "4": [5],
      "5": [2],
      "6": [1],
      "7": [0],
      "8": [2],
      "9": [1],
      "10": [3],
      "11": [8],
      "12": [15],
      "13": [12],
      "14": [2],
      "15": [3],
      "16": [1],
      "17": [1],
      "18": [1],
      "19": [1],
      "20": [3],
      "21": [3],
      "22": [1],
      "23": [3],
      "24": [5],
      "25": [1],
      "26": [1],
      "27": [1]
    },
    "fnMap": {
      "0": {
        "name": "<instance_members_initializer>",
        "decl": {
          "start": { "line": 20, "column": 26 },
          "end": { "line": 255, "column": 1 }
        },
        "loc": {
          "start": { "line": 20, "column": 26 },
          "end": { "line": 255, "column": 1 }
        },
        "line": 20
      },
      "1": {
        "name": "injectStyles",
        "decl": {
          "start": { "line": 23, "column": 2 },
          "end": { "line": 34, "column": 3 }
        },
        "loc": {
          "start": { "line": 23, "column": 2 },
          "end": { "line": 34, "column": 3 }
        },
        "line": 23
      },
      "2": {
        "name": "removeStyles",
        "decl": {
          "start": { "line": 36, "column": 2 },
          "end": { "line": 47, "column": 3 }
        },
        "loc": {
          "start": { "line": 36, "column": 2 },
          "end": { "line": 47, "column": 3 }
        },
        "line": 36
      },
      "3": {
        "name": "generateCustomCSS",
        "decl": {
          "start": { "line": 49, "column": 2 },
          "end": { "line": 97, "column": 3 }
        },
        "loc": {
          "start": { "line": 49, "column": 2 },
          "end": { "line": 97, "column": 3 }
        },
        "line": 49
      },
      "4": {
        "name": "loadBaseStyles",
        "decl": {
          "start": { "line": 99, "column": 2 },
          "end": { "line": 128, "column": 3 }
        },
        "loc": {
          "start": { "line": 99, "column": 2 },
          "end": { "line": 128, "column": 3 }
        },
        "line": 99
      },
      "5": {
        "name": "applyCustomStyles",
        "decl": {
          "start": { "line": 130, "column": 2 },
          "end": { "line": 136, "column": 3 }
        },
        "loc": {
          "start": { "line": 130, "column": 2 },
          "end": { "line": 136, "column": 3 }
        },
        "line": 130
      },
      "6": {
        "name": "getAppliedClasses",
        "decl": {
          "start": { "line": 138, "column": 2 },
          "end": { "line": 154, "column": 3 }
        },
        "loc": {
          "start": { "line": 138, "column": 2 },
          "end": { "line": 154, "column": 3 }
        },
        "line": 138
      },
      "7": {
        "name": "updateCSSVariable",
        "decl": {
          "start": { "line": 156, "column": 2 },
          "end": { "line": 158, "column": 3 }
        },
        "loc": {
          "start": { "line": 156, "column": 2 },
          "end": { "line": 158, "column": 3 }
        },
        "line": 156
      },
      "8": {
        "name": "updateCSSVariables",
        "decl": {
          "start": { "line": 160, "column": 2 },
          "end": { "line": 170, "column": 3 }
        },
        "loc": {
          "start": { "line": 160, "column": 2 },
          "end": { "line": 170, "column": 3 }
        },
        "line": 160
      },
      "9": {
        "name": "getCSSVariable",
        "decl": {
          "start": { "line": 172, "column": 2 },
          "end": { "line": 176, "column": 3 }
        },
        "loc": {
          "start": { "line": 172, "column": 2 },
          "end": { "line": 176, "column": 3 }
        },
        "line": 172
      },
      "10": {
        "name": "removeCSSVariable",
        "decl": {
          "start": { "line": 178, "column": 2 },
          "end": { "line": 180, "column": 3 }
        },
        "loc": {
          "start": { "line": 178, "column": 2 },
          "end": { "line": 180, "column": 3 }
        },
        "line": 178
      },
      "11": {
        "name": "applyTheme",
        "decl": {
          "start": { "line": 182, "column": 2 },
          "end": { "line": 185, "column": 3 }
        },
        "loc": {
          "start": { "line": 182, "column": 2 },
          "end": { "line": 185, "column": 3 }
        },
        "line": 182
      },
      "12": {
        "name": "applyFontSize",
        "decl": {
          "start": { "line": 187, "column": 2 },
          "end": { "line": 190, "column": 3 }
        },
        "loc": {
          "start": { "line": 187, "column": 2 },
          "end": { "line": 190, "column": 3 }
        },
        "line": 187
      },
      "13": {
        "name": "applyFontFamily",
        "decl": {
          "start": { "line": 192, "column": 2 },
          "end": { "line": 195, "column": 3 }
        },
        "loc": {
          "start": { "line": 192, "column": 2 },
          "end": { "line": 195, "column": 3 }
        },
        "line": 192
      },
      "14": {
        "name": "resetToDefaults",
        "decl": {
          "start": { "line": 197, "column": 2 },
          "end": { "line": 199, "column": 3 }
        },
        "loc": {
          "start": { "line": 197, "column": 2 },
          "end": { "line": 199, "column": 3 }
        },
        "line": 197
      },
      "15": {
        "name": "getDefaultVariables",
        "decl": {
          "start": { "line": 201, "column": 2 },
          "end": { "line": 203, "column": 3 }
        },
        "loc": {
          "start": { "line": 201, "column": 2 },
          "end": { "line": 203, "column": 3 }
        },
        "line": 201
      },
      "16": {
        "name": "applyVanillaTheme",
        "decl": {
          "start": { "line": 205, "column": 2 },
          "end": { "line": 212, "column": 3 }
        },
        "loc": {
          "start": { "line": 205, "column": 2 },
          "end": { "line": 212, "column": 3 }
        },
        "line": 205
      },
      "17": {
        "name": "updateVanillaVariable",
        "decl": {
          "start": { "line": 214, "column": 2 },
          "end": { "line": 220, "column": 3 }
        },
        "loc": {
          "start": { "line": 214, "column": 2 },
          "end": { "line": 220, "column": 3 }
        },
        "line": 214
      },
      "18": {
        "name": "updateVanillaVariables",
        "decl": {
          "start": { "line": 222, "column": 2 },
          "end": { "line": 232, "column": 3 }
        },
        "loc": {
          "start": { "line": 222, "column": 2 },
          "end": { "line": 232, "column": 3 }
        },
        "line": 222
      },
      "19": {
        "name": "getVanillaVariable",
        "decl": {
          "start": { "line": 234, "column": 2 },
          "end": { "line": 239, "column": 3 }
        },
        "loc": {
          "start": { "line": 234, "column": 2 },
          "end": { "line": 239, "column": 3 }
        },
        "line": 234
      },
      "20": {
        "name": "removeVanillaVariable",
        "decl": {
          "start": { "line": 241, "column": 2 },
          "end": { "line": 244, "column": 3 }
        },
        "loc": {
          "start": { "line": 241, "column": 2 },
          "end": { "line": 244, "column": 3 }
        },
        "line": 241
      },
      "21": {
        "name": "applyFontSizeBySize",
        "decl": {
          "start": { "line": 246, "column": 2 },
          "end": { "line": 249, "column": 3 }
        },
        "loc": {
          "start": { "line": 246, "column": 2 },
          "end": { "line": 249, "column": 3 }
        },
        "line": 246
      },
      "22": {
        "name": "applyFontFamilyByFamily",
        "decl": {
          "start": { "line": 251, "column": 2 },
          "end": { "line": 254, "column": 3 }
        },
        "loc": {
          "start": { "line": 251, "column": 2 },
          "end": { "line": 254, "column": 3 }
        },
        "line": 251
      }
    },
    "f": {
      "0": 33,
      "1": 5,
      "2": 7,
      "3": 5,
      "4": 2,
      "5": 1,
      "6": 0,
      "7": 3,
      "8": 8,
      "9": 12,
      "10": 2,
      "11": 3,
      "12": 1,
      "13": 1,
      "14": 1,
      "15": 1,
      "16": 3,
      "17": 3,
      "18": 1,
      "19": 5,
      "20": 1,
      "21": 1,
      "22": 1
    }
  }
}
